<?xml version="1.0" encoding="UTF-8"?>
<testsuite xmlns:xsi="http://www.w3.org/2001/XMLSchema-instance" xsi:noNamespaceSchemaLocation="https://maven.apache.org/surefire/maven-surefire-plugin/xsd/surefire-test-report-3.0.xsd" version="3.0" name="com.project.product.ProductApplicationTests" time="11.223" tests="2" errors="0" skipped="0" failures="0">
  <properties>
[...]
</properties>
  <testcase name="shouldCreateProduct" classname="com.project.product.ProductApplicationTests" time="0.824">
    <system-out><![CDATA[17:42:03.216 [main] INFO org.springframework.test.context.support.AnnotationConfigContextLoaderUtils -- Could not detect default configuration classes for test class [com.project.product.ProductApplicationTests]: ProductApplicationTests does not declare any static, non-private, non-final, nested classes annotated with @Configuration.
17:42:03.391 [main] INFO org.springframework.boot.test.context.SpringBootTestContextBootstrapper -- Found @SpringBootConfiguration com.project.product.ProductApplication for test class com.project.product.ProductApplicationTests
17:42:03.564 [main] INFO org.testcontainers.images.PullPolicy -- Image pull policy will be performed by: DefaultPullPolicy()
17:42:03.567 [main] INFO org.testcontainers.utility.ImageNameSubstitutor -- Image name substitution will be performed by: DefaultImageNameSubstitutor (composite of 'ConfigurationFileImageNameSubstitutor' and 'PrefixingImageNameSubstitutor')
17:42:03.901 [main] INFO org.testcontainers.dockerclient.DockerClientProviderStrategy -- Loaded org.testcontainers.dockerclient.UnixSocketClientProviderStrategy from ~/.testcontainers.properties, will try it first
17:42:04.350 [main] INFO org.testcontainers.dockerclient.DockerClientProviderStrategy -- Found Docker environment with local Unix socket (unix:///var/run/docker.sock)
17:42:04.353 [main] INFO org.testcontainers.DockerClientFactory -- Docker host IP address is localhost
17:42:04.394 [main] INFO org.testcontainers.DockerClientFactory -- Connected to docker: 
  Server Version: 24.0.6
  API Version: 1.43
  Operating System: Docker Desktop
  Total Memory: 7851 MB
17:42:04.435 [main] INFO tc.testcontainers/ryuk:0.5.1 -- Creating container for image: testcontainers/ryuk:0.5.1
17:42:05.114 [main] INFO tc.testcontainers/ryuk:0.5.1 -- Container testcontainers/ryuk:0.5.1 is starting: a03136b63ff808fb4c1fb3a204f39673d5fdfcdf5a6adf7779e528d2e4308d6e
17:42:05.632 [main] INFO tc.testcontainers/ryuk:0.5.1 -- Container testcontainers/ryuk:0.5.1 started in PT1.197409S
17:42:05.650 [main] INFO org.testcontainers.utility.RyukResourceReaper -- Ryuk started - will monitor and terminate Testcontainers containers on JVM exit
17:42:05.650 [main] INFO org.testcontainers.DockerClientFactory -- Checking the system...
17:42:05.652 [main] INFO org.testcontainers.DockerClientFactory -- ?? Docker server version should be at least 1.6.0
17:42:05.655 [main] INFO tc.mongo:7.0.2 -- Creating container for image: mongo:7.0.2
17:42:05.700 [main] INFO tc.mongo:7.0.2 -- Container mongo:7.0.2 is starting: 7b82feb9cbdaac226c5dbad7c5e42ea382c5e5fa411bb00553b73630225404a6
17:42:06.829 [main] INFO tc.mongo:7.0.2 -- Container mongo:7.0.2 started in PT1.174304S

  .   ____          _            __ _ _
 /\\ / ___'_ __ _ _(_)_ __  __ _ \ \ \ \
( ( )\___ | '_ | '_| | '_ \/ _` | \ \ \ \
 \\/  ___)| |_)| | | | | || (_| |  ) ) ) )
  '  |____| .__|_| |_|_| |_\__, | / / / /
 =========|_|==============|___/=/_/_/_/
 :: Spring Boot ::                (v3.1.1)

2023-12-11T17:42:08.494+05:30  INFO 79616 --- [           main] c.p.product.ProductApplicationTests      : Starting ProductApplicationTests using Java 17.0.6 with PID 79616 (started by naksh in /Users/naksh/Desktop/Eclipse_files/microservices-project/product_service)
2023-12-11T17:42:08.496+05:30  INFO 79616 --- [           main] c.p.product.ProductApplicationTests      : No active profile set, falling back to 1 default profile: "default"
2023-12-11T17:42:09.635+05:30  INFO 79616 --- [           main] .s.d.r.c.RepositoryConfigurationDelegate : Bootstrapping Spring Data MongoDB repositories in DEFAULT mode.
2023-12-11T17:42:09.777+05:30  INFO 79616 --- [           main] .s.d.r.c.RepositoryConfigurationDelegate : Finished Spring Data repository scanning in 137 ms. Found 1 MongoDB repository interfaces.
2023-12-11T17:42:10.286+05:30  INFO 79616 --- [           main] o.s.cloud.context.scope.GenericScope     : BeanFactory id=dc1f4d64-5b0a-3ff5-a9f1-69b53a48cce5
2023-12-11T17:42:10.687+05:30  INFO 79616 --- [           main] org.mongodb.driver.client                : MongoClient with metadata {"driver": {"name": "mongo-java-driver|sync|spring-boot", "version": "4.9.1"}, "os": {"type": "Darwin", "name": "Mac OS X", "architecture": "x86_64", "version": "13.5.2"}, "platform": "Java/Eclipse Adoptium/17.0.6+10"} created with settings MongoClientSettings{readPreference=primary, writeConcern=WriteConcern{w=null, wTimeout=null ms, journal=null}, retryWrites=true, retryReads=true, readConcern=ReadConcern{level=null}, credential=null, streamFactoryFactory=null, commandListeners=[], codecRegistry=ProvidersCodecRegistry{codecProviders=[ValueCodecProvider{}, BsonValueCodecProvider{}, DBRefCodecProvider{}, DBObjectCodecProvider{}, DocumentCodecProvider{}, CollectionCodecProvider{}, IterableCodecProvider{}, MapCodecProvider{}, GeoJsonCodecProvider{}, GridFSFileCodecProvider{}, Jsr310CodecProvider{}, JsonObjectCodecProvider{}, BsonCodecProvider{}, EnumCodecProvider{}, com.mongodb.client.model.mql.ExpressionCodecProvider@1d6f77d7, com.mongodb.Jep395RecordCodecProvider@65e620b0]}, loggerSettings=LoggerSettings{maxDocumentLength=1000}, clusterSettings={hosts=[localhost:56745], srvServiceName=mongodb, mode=SINGLE, requiredClusterType=UNKNOWN, requiredReplicaSetName='null', serverSelector='null', clusterListeners='[]', serverSelectionTimeout='30000 ms', localThreshold='30000 ms'}, socketSettings=SocketSettings{connectTimeoutMS=10000, readTimeoutMS=0, receiveBufferSize=0, sendBufferSize=0}, heartbeatSocketSettings=SocketSettings{connectTimeoutMS=10000, readTimeoutMS=10000, receiveBufferSize=0, sendBufferSize=0}, connectionPoolSettings=ConnectionPoolSettings{maxSize=100, minSize=0, maxWaitTimeMS=120000, maxConnectionLifeTimeMS=0, maxConnectionIdleTimeMS=0, maintenanceInitialDelayMS=0, maintenanceFrequencyMS=60000, connectionPoolListeners=[], maxConnecting=2}, serverSettings=ServerSettings{heartbeatFrequencyMS=10000, minHeartbeatFrequencyMS=500, serverListeners='[]', serverMonitorListeners='[]'}, sslSettings=SslSettings{enabled=false, invalidHostNameAllowed=false, context=null}, applicationName='null', compressorList=[], uuidRepresentation=JAVA_LEGACY, serverApi=null, autoEncryptionSettings=null, contextProvider=null}
2023-12-11T17:42:10.736+05:30  INFO 79616 --- [localhost:56745] org.mongodb.driver.cluster               : Monitor thread successfully connected to server with description ServerDescription{address=localhost:56745, type=REPLICA_SET_PRIMARY, state=CONNECTED, ok=true, minWireVersion=0, maxWireVersion=21, maxDocumentSize=16777216, logicalSessionTimeoutMinutes=30, roundTripTimeNanos=45244625, setName='docker-rs', canonicalAddress=7b82feb9cbda:27017, hosts=[7b82feb9cbda:27017], passives=[], arbiters=[], primary='7b82feb9cbda:27017', tagSet=TagSet{[]}, electionId=7fffffff0000000000000001, setVersion=1, topologyVersion=TopologyVersion{processId=6576fc96acbca3d512ed86e8, counter=6}, lastWriteDate=Mon Dec 11 17:42:07 IST 2023, lastUpdateTimeNanos=575358266601875}
2023-12-11T17:42:12.091+05:30  INFO 79616 --- [           main] o.s.b.t.m.w.SpringBootMockServletContext : Initializing Spring TestDispatcherServlet ''
2023-12-11T17:42:12.095+05:30  INFO 79616 --- [           main] o.s.t.web.servlet.TestDispatcherServlet  : Initializing Servlet ''
2023-12-11T17:42:12.111+05:30  INFO 79616 --- [           main] o.s.t.web.servlet.TestDispatcherServlet  : Completed initialization in 3 ms
2023-12-11T17:42:12.227+05:30  INFO 79616 --- [           main] DiscoveryClientOptionalArgsConfiguration : Eureka HTTP Client uses RestTemplate.
2023-12-11T17:42:12.340+05:30  WARN 79616 --- [           main] iguration$LoadBalancerCaffeineWarnLogger : Spring Cloud LoadBalancer is currently working with the default cache. While this cache implementation is useful for development and tests, it's recommended to use Caffeine cache in production.You can switch to using Caffeine cache, by adding it and org.springframework.cache.caffeine.CaffeineCacheManager to the classpath.
2023-12-11T17:42:12.380+05:30  INFO 79616 --- [           main] o.s.c.n.eureka.InstanceInfoFactory       : Setting initial instance status as: STARTING
2023-12-11T17:42:12.491+05:30  INFO 79616 --- [           main] com.netflix.discovery.DiscoveryClient    : Initializing Eureka in region us-east-1
2023-12-11T17:42:12.495+05:30  INFO 79616 --- [           main] c.n.d.s.r.aws.ConfigClusterResolver      : Resolving eureka endpoints via configuration
2023-12-11T17:42:12.521+05:30  INFO 79616 --- [           main] com.netflix.discovery.DiscoveryClient    : Disable delta property : false
2023-12-11T17:42:12.521+05:30  INFO 79616 --- [           main] com.netflix.discovery.DiscoveryClient    : Single vip registry refresh property : null
2023-12-11T17:42:12.521+05:30  INFO 79616 --- [           main] com.netflix.discovery.DiscoveryClient    : Force full registry fetch : false
2023-12-11T17:42:12.521+05:30  INFO 79616 --- [           main] com.netflix.discovery.DiscoveryClient    : Application is null : false
2023-12-11T17:42:12.521+05:30  INFO 79616 --- [           main] com.netflix.discovery.DiscoveryClient    : Registered Applications size is zero : true
2023-12-11T17:42:12.521+05:30  INFO 79616 --- [           main] com.netflix.discovery.DiscoveryClient    : Application version is -1: true
2023-12-11T17:42:12.521+05:30  INFO 79616 --- [           main] com.netflix.discovery.DiscoveryClient    : Getting all instance registry info from the eureka server
2023-12-11T17:42:13.225+05:30  INFO 79616 --- [           main] com.netflix.discovery.DiscoveryClient    : The response status is 200
2023-12-11T17:42:13.231+05:30  INFO 79616 --- [           main] com.netflix.discovery.DiscoveryClient    : Starting heartbeat executor: renew interval is: 30
2023-12-11T17:42:13.235+05:30  INFO 79616 --- [           main] c.n.discovery.InstanceInfoReplicator     : InstanceInfoReplicator onDemand update allowed rate per min is 4
2023-12-11T17:42:13.242+05:30  INFO 79616 --- [           main] com.netflix.discovery.DiscoveryClient    : Discovery Client initialized at timestamp 1702296733241 with initial instances count: 0
2023-12-11T17:42:13.254+05:30  INFO 79616 --- [           main] o.s.c.n.e.s.EurekaServiceRegistry        : Registering application UNKNOWN with eureka with status UP
2023-12-11T17:42:13.255+05:30  INFO 79616 --- [           main] com.netflix.discovery.DiscoveryClient    : Saw local status change event StatusChangeEvent [timestamp=1702296733255, current=UP, previous=STARTING]
2023-12-11T17:42:13.256+05:30  INFO 79616 --- [nfoReplicator-0] com.netflix.discovery.DiscoveryClient    : DiscoveryClient_UNKNOWN/192.168.1.33: registering service...
2023-12-11T17:42:13.282+05:30  INFO 79616 --- [           main] c.p.product.ProductApplicationTests      : Started ProductApplicationTests in 5.262 seconds (process running for 11.187)
2023-12-11T17:42:13.453+05:30  INFO 79616 --- [nfoReplicator-0] com.netflix.discovery.DiscoveryClient    : DiscoveryClient_UNKNOWN/192.168.1.33 - registration status: 204
2023-12-11T17:42:14.090+05:30  INFO 79616 --- [           main] c.p.p.serviceImpl.ProductServiceImpl     : Product 6576fc9e6eb39912e9adc284 is saved
]]></system-out>
  </testcase>
  <testcase name="shouldFetchList" classname="com.project.product.ProductApplicationTests" time="0.036"/>
</testsuite>